<?xml version="1.0" encoding="UTF-8"?>
<!-- Generated by org.testng.reporters.JUnitXMLReporter -->
<testsuite ignored="0" hostname="SUKANNYAG-WIN10" failures="0" tests="9" name="Default test" time="1.494" errors="0" timestamp="2022-08-09T17:07:34 IST">
  <testcase classname="TestRunner.HomePageTest" name="@BeforeTest setUp" time="1.414">
    <failure type="org.openqa.selenium.SessionNotCreatedException" message="Could not start a new session. Response code 500. Message: Unable to create session from {
  &amp;quot;desiredCapabilities&amp;quot;: {
    &amp;quot;server:CONFIG_UUID&amp;quot;: &amp;quot;608e07fd-373e-4c01-8ef7-10d27f852c3c&amp;quot;
  },
  &amp;quot;capabilities&amp;quot;: {
    &amp;quot;firstMatch&amp;quot;: [
      {
        &amp;quot;server:CONFIG_UUID&amp;quot;: &amp;quot;608e07fd-373e-4c01-8ef7-10d27f852c3c&amp;quot;
      }
    ]
  }
}
Build info: version: &amp;apos;3.14.0&amp;apos;, revision: &amp;apos;aacccce0&amp;apos;, time: &amp;apos;2018-08-02T20:13:22.693Z&amp;apos;
System info: host: &amp;apos;SUKANNYAG-WIN10&amp;apos;, ip: &amp;apos;192.168.1.103&amp;apos;, os.name: &amp;apos;Windows 11&amp;apos;, os.arch: &amp;apos;amd64&amp;apos;, os.version: &amp;apos;10.0&amp;apos;, java.version: &amp;apos;17.0.4&amp;apos;
Driver info: driver.version: unknown
Build info: version: &amp;apos;4.3.0&amp;apos;, revision: &amp;apos;a4995e2c09*&amp;apos;
System info: host: &amp;apos;SUKANNYAG-WIN10&amp;apos;, ip: &amp;apos;192.168.1.103&amp;apos;, os.name: &amp;apos;Windows 11&amp;apos;, os.arch: &amp;apos;amd64&amp;apos;, os.version: &amp;apos;10.0&amp;apos;, java.version: &amp;apos;17.0.3&amp;apos;
Driver info: org.openqa.selenium.remote.RemoteWebDriver
Command: [null, newSession {capabilities=[Capabilities {}], desiredCapabilities=Capabilities {}}]
Capabilities {}">
      <![CDATA[org.openqa.selenium.SessionNotCreatedException: Could not start a new session. Response code 500. Message: Unable to create session from {
  "desiredCapabilities": {
    "server:CONFIG_UUID": "608e07fd-373e-4c01-8ef7-10d27f852c3c"
  },
  "capabilities": {
    "firstMatch": [
      {
        "server:CONFIG_UUID": "608e07fd-373e-4c01-8ef7-10d27f852c3c"
      }
    ]
  }
}
Build info: version: '3.14.0', revision: 'aacccce0', time: '2018-08-02T20:13:22.693Z'
System info: host: 'SUKANNYAG-WIN10', ip: '192.168.1.103', os.name: 'Windows 11', os.arch: 'amd64', os.version: '10.0', java.version: '17.0.4'
Driver info: driver.version: unknown
Build info: version: '4.3.0', revision: 'a4995e2c09*'
System info: host: 'SUKANNYAG-WIN10', ip: '192.168.1.103', os.name: 'Windows 11', os.arch: 'amd64', os.version: '10.0', java.version: '17.0.3'
Driver info: org.openqa.selenium.remote.RemoteWebDriver
Command: [null, newSession {capabilities=[Capabilities {}], desiredCapabilities=Capabilities {}}]
Capabilities {}
at org.openqa.selenium.remote.ProtocolHandshake.createSession(ProtocolHandshake.java:144)
at org.openqa.selenium.remote.ProtocolHandshake.createSession(ProtocolHandshake.java:102)
at org.openqa.selenium.remote.ProtocolHandshake.createSession(ProtocolHandshake.java:67)
at org.openqa.selenium.remote.HttpCommandExecutor.execute(HttpCommandExecutor.java:156)
at org.openqa.selenium.remote.TracedCommandExecutor.execute(TracedCommandExecutor.java:51)
at org.openqa.selenium.remote.RemoteWebDriver.execute(RemoteWebDriver.java:569)
at org.openqa.selenium.remote.RemoteWebDriver.startSession(RemoteWebDriver.java:264)
at org.openqa.selenium.remote.RemoteWebDriver.<init>(RemoteWebDriver.java:179)
at org.openqa.selenium.remote.RemoteWebDriver.<init>(RemoteWebDriver.java:161)
at BasePackage.BaseClass.setup(BaseClass.java:65)
at TestRunner.HomePageTest.setUp(HomePageTest.java:40)
at java.base/jdk.internal.reflect.NativeMethodAccessorImpl.invoke0(Native Method)
at java.base/jdk.internal.reflect.NativeMethodAccessorImpl.invoke(NativeMethodAccessorImpl.java:77)
at java.base/jdk.internal.reflect.DelegatingMethodAccessorImpl.invoke(DelegatingMethodAccessorImpl.java:43)
at java.base/java.lang.reflect.Method.invoke(Method.java:568)
at org.testng.internal.MethodInvocationHelper.invokeMethod(MethodInvocationHelper.java:133)
at org.testng.internal.MethodInvocationHelper.invokeMethodConsideringTimeout(MethodInvocationHelper.java:62)
at org.testng.internal.ConfigInvoker.invokeConfigurationMethod(ConfigInvoker.java:385)
at org.testng.internal.ConfigInvoker.invokeConfigurations(ConfigInvoker.java:321)
at org.testng.TestRunner.invokeTestConfigurations(TestRunner.java:637)
at org.testng.TestRunner.beforeRun(TestRunner.java:627)
at org.testng.TestRunner.run(TestRunner.java:589)
at org.testng.SuiteRunner.runTest(SuiteRunner.java:377)
at org.testng.SuiteRunner.runSequentially(SuiteRunner.java:371)
at org.testng.SuiteRunner.privateRun(SuiteRunner.java:332)
at org.testng.SuiteRunner.run(SuiteRunner.java:276)
at org.testng.SuiteRunnerWorker.runSuite(SuiteRunnerWorker.java:53)
at org.testng.SuiteRunnerWorker.run(SuiteRunnerWorker.java:96)
at org.testng.TestNG.runSuitesSequentially(TestNG.java:1212)
at org.testng.TestNG.runSuitesLocally(TestNG.java:1134)
at org.testng.TestNG.runSuites(TestNG.java:1063)
at org.testng.TestNG.run(TestNG.java:1031)
at org.testng.remote.AbstractRemoteTestNG.run(AbstractRemoteTestNG.java:115)
at org.testng.remote.RemoteTestNG.initAndRun(RemoteTestNG.java:251)
at org.testng.remote.RemoteTestNG.main(RemoteTestNG.java:77)
]]>
    </failure>
  </testcase> <!-- @BeforeTest setUp -->
  <testcase classname="TestRunner.HomePageTest" name="@BeforeClass openTest" time="-1.66004505475E9">
    <skipped/>
  </testcase> <!-- @BeforeClass openTest -->
  <testcase classname="TestRunner.HomePageTest" name="@AfterClass closeTest" time="-1.660045054799E9">
    <skipped/>
  </testcase> <!-- @AfterClass closeTest -->
  <testcase classname="TestRunner.HomePageTest" name="@AfterTest tearDown" time="-1.660045054801E9">
    <skipped/>
  </testcase> <!-- @AfterTest tearDown -->
  <testcase classname="TestRunner.HomePageTest" name="clickAll" time="0.0">
    <skipped/>
  </testcase> <!-- clickAll -->
  <testcase classname="TestRunner.HomePageTest" name="clickOnElectronic" time="0.0">
    <skipped/>
  </testcase> <!-- clickOnElectronic -->
  <testcase classname="TestRunner.HomePageTest" name="Televisions" time="0.0">
    <skipped/>
  </testcase> <!-- Televisions -->
  <testcase classname="TestRunner.HomePageTest" name="scrollTillBrands" time="0.0">
    <skipped/>
  </testcase> <!-- scrollTillBrands -->
  <testcase classname="TestRunner.HomePageTest" name="samsung" time="0.0">
    <skipped/>
  </testcase> <!-- samsung -->
  <testcase classname="TestRunner.HomePageTest" name="sort" time="0.0">
    <skipped/>
  </testcase> <!-- sort -->
  <testcase classname="TestRunner.HomePageTest" name="highToLow" time="0.0">
    <skipped/>
  </testcase> <!-- highToLow -->
  <testcase classname="TestRunner.HomePageTest" name="selectSecondItem" time="0.0">
    <skipped/>
  </testcase> <!-- selectSecondItem -->
  <testcase classname="TestRunner.HomePageTest" name="scrolldown" time="0.0">
    <skipped/>
  </testcase> <!-- scrolldown -->
</testsuite> <!-- Default test -->
